<?xml version="1.0" encoding="UTF-8"?>
<testng-results skipped="0" failed="0" ignored="0" total="1" passed="1">
  <reporter-output>
  </reporter-output>
  <suite name="Suite" duration-ms="13103" started-at="2018-12-11T00:13:19Z" finished-at="2018-12-11T00:13:32Z">
    <groups>
    </groups>
    <test name="Test" duration-ms="13103" started-at="2018-12-11T00:13:19Z" finished-at="2018-12-11T00:13:32Z">
      <class name="com.google.googleSearchTest">
        <test-method status="PASS" signature="setUp()[pri:0, instance:com.google.googleSearchTest@694abbdc]" name="setUp" is-config="true" duration-ms="4621" started-at="2018-12-11T00:13:19Z" finished-at="2018-12-11T00:13:23Z">
          <reporter-output>
          </reporter-output>
        </test-method> <!-- setUp -->
        <test-method status="PASS" signature="searchResults()[pri:0, instance:com.google.googleSearchTest@694abbdc]" name="searchResults" duration-ms="8368" started-at="2018-12-11T00:13:23Z" finished-at="2018-12-11T00:13:32Z">
          <reporter-output>
          </reporter-output>
        </test-method> <!-- searchResults -->
        <test-method status="PASS" signature="closeUp()[pri:0, instance:com.google.googleSearchTest@694abbdc]" name="closeUp" is-config="true" duration-ms="91" started-at="2018-12-11T00:13:32Z" finished-at="2018-12-11T00:13:32Z">
          <reporter-output>
          </reporter-output>
        </test-method> <!-- closeUp -->
      </class> <!-- com.google.googleSearchTest -->
    </test> <!-- Test -->
  </suite> <!-- Suite -->
</testng-results>
