-------------------------------------------------------------------------------
Test set: TestSuite
-------------------------------------------------------------------------------
Tests run: 1, Failures: 1, Errors: 0, Skipped: 0, Time elapsed: 40.653 sec <<< FAILURE! - in TestSuite
printExcel(com.zoho.zohoTest)  Time elapsed: 34.836 sec  <<< FAILURE!
java.lang.IndexOutOfBoundsException: Index: 100, Size: 100
	at com.zoho.zohoTest.printExcel(zohoTest.java:79)

