<?xml version="1.0" encoding="UTF-8"?>
<testng-results ignored="0" total="2" passed="2" failed="0" skipped="0">
  <reporter-output>
  </reporter-output>
  <suite started-at="2018-12-06T20:02:20Z" name="Suite" finished-at="2018-12-06T20:02:34Z" duration-ms="14082">
    <groups>
    </groups>
    <test started-at="2018-12-06T20:02:20Z" name="Test" finished-at="2018-12-06T20:02:34Z" duration-ms="14082">
      <class name="cybertek.YahooTest">
        <test-method signature="navigatetoamazon()[pri:0, instance:cybertek.YahooTest@478190fc]" started-at="2018-12-06T20:02:20Z" name="navigatetoamazon" finished-at="2018-12-06T20:02:30Z" duration-ms="10495" status="PASS">
          <reporter-output>
          </reporter-output>
        </test-method> <!-- navigatetoamazon -->
      </class> <!-- cybertek.YahooTest -->
      <class name="cybertek.AmazonTest">
        <test-method signature="navigatetoamazon()[pri:0, instance:cybertek.AmazonTest@79e2c065]" started-at="2018-12-06T20:02:30Z" name="navigatetoamazon" finished-at="2018-12-06T20:02:34Z" duration-ms="3569" status="PASS">
          <reporter-output>
          </reporter-output>
        </test-method> <!-- navigatetoamazon -->
      </class> <!-- cybertek.AmazonTest -->
    </test> <!-- Test -->
  </suite> <!-- Suite -->
</testng-results>
