<?xml version="1.0" encoding="UTF-8"?>
<!-- Generated by org.testng.reporters.JUnitXMLReporter -->
<testsuite ignored="0" hostname="Edils-MacBook-Pro.local" failures="0" tests="5" name="Command line test" time="18.691" errors="0" timestamp="06 Dec 2018 19:55:08 GMT">
  <testcase classname="cybertek.YahooTest" name="navigatetoamazon" time="6.507"/>
  <testcase classname="cybertek.AppTest" name="testApp" time="0.001"/>
  <testcase classname="cybertek.AmazonTest" name="navigatetoamazon" time="5.466"/>
  <testcase classname="cybertek2.ABCTest" name="navigatetoamazon" time="1.519"/>
  <testcase classname="cybertek2.CNNTest" name="navigatetoamazon" time="5.177"/>
</testsuite> <!-- Command line test -->
