<?xml version="1.0" encoding="UTF-8"?>
<!-- Generated by org.testng.reporters.JUnitXMLReporter -->
<testsuite hostname="Edils-MacBook-Pro.local" ignored="0" name="Test" tests="1" failures="0" timestamp="07 Dec 2018 17:02:00 GMT" time="2.602" errors="0">
  <testcase name="@BeforeTest setUp" time="2.574" classname="com.newtours.loginTest">
    <failure type="java.lang.NullPointerException" message="null value in entry: url=null">
      <![CDATA[java.lang.NullPointerException: null value in entry: url=null
at com.google.common.collect.CollectPreconditions.checkEntryNotNull(CollectPreconditions.java:32)
at com.google.common.collect.SingletonImmutableBiMap.<init>(SingletonImmutableBiMap.java:42)
at com.google.common.collect.ImmutableBiMap.of(ImmutableBiMap.java:72)
at com.google.common.collect.ImmutableMap.of(ImmutableMap.java:124)
at org.openqa.selenium.remote.RemoteWebDriver.get(RemoteWebDriver.java:276)
at com.newtours.loginTest.setUp(loginTest.java:34)
... Removed 24 stack frames]]>
    </failure>
  </testcase> <!-- @BeforeTest setUp -->
  <testcase name="@BeforeMethod setUp" time="0.0" classname="com.newtours.loginTest">
    <skipped/>
  </testcase> <!-- @BeforeMethod setUp -->
  <testcase name="@AfterTest closeUp" time="0.0" classname="com.newtours.loginTest">
    <skipped/>
  </testcase> <!-- @AfterTest closeUp -->
  <testcase name="login" time="0.0" classname="com.newtours.loginTest">
    <skipped/>
  </testcase> <!-- login -->
</testsuite> <!-- Test -->
