<?xml version="1.0" encoding="UTF-8"?>
<!-- Generated by org.testng.reporters.JUnitXMLReporter -->
<testsuite hostname="Edils-MacBook-Pro.local" ignored="0" name="Test" tests="3" failures="0" timestamp="17 Dec 2018 23:51:59 GMT" time="3.805" errors="0">
  <testcase name="SecondPage" time="0.593" classname="POM.DESIGN.LoginTest"/>
  <testcase name="getAttribute" time="0.142" classname="POM.DESIGN.LoginTest"/>
  <testcase name="login" time="0.241" classname="POM.DESIGN.LoginTest"/>
</testsuite> <!-- Test -->
