<?xml version="1.0" encoding="UTF-8"?>
<testng-results skipped="0" failed="0" ignored="0" total="3" passed="3">
  <reporter-output>
  </reporter-output>
  <suite name="Default suite" duration-ms="34" started-at="2018-12-03T17:31:23Z" finished-at="2018-12-03T17:31:23Z">
    <groups>
    </groups>
    <test name="Default test" duration-ms="34" started-at="2018-12-03T17:31:23Z" finished-at="2018-12-03T17:31:23Z">
      <class name="App">
        <test-method status="PASS" signature="LoginTest()[pri:0, instance:App@51efea79]" name="LoginTest" duration-ms="8" started-at="2018-12-03T17:31:23Z" finished-at="2018-12-03T17:31:23Z">
          <reporter-output>
          </reporter-output>
        </test-method> <!-- LoginTest -->
        <test-method status="PASS" signature="LogoutTest()[pri:0, instance:App@51efea79]" name="LogoutTest" duration-ms="1" started-at="2018-12-03T17:31:23Z" finished-at="2018-12-03T17:31:23Z">
          <reporter-output>
          </reporter-output>
        </test-method> <!-- LogoutTest -->
        <test-method status="PASS" signature="PasswordChange()[pri:0, instance:App@51efea79]" name="PasswordChange" duration-ms="1" started-at="2018-12-03T17:31:23Z" finished-at="2018-12-03T17:31:23Z">
          <reporter-output>
          </reporter-output>
        </test-method> <!-- PasswordChange -->
      </class> <!-- App -->
    </test> <!-- Default test -->
  </suite> <!-- Default suite -->
</testng-results>
