<?xml version="1.0" encoding="UTF-8"?>
<!-- Generated by org.testng.reporters.JUnitXMLReporter -->
<testsuite hostname="Edils-MacBook-Pro.local" ignored="0" name="Test" tests="5" failures="1" timestamp="12 Dec 2018 21:12:41 GMT" time="25.516" errors="0">
  <testcase name="ProductTest" time="10.815" classname="pomdesign.WebOrderTest">
    <failure type="java.lang.AssertionError" message="lists don&amp;apos;t have the same size expected [3] but found [0]">
      <![CDATA[java.lang.AssertionError: lists don't have the same size expected [3] but found [0]
at pomdesign.WebOrderTest.ProductTest(WebOrderTest.java:91)
... Removed 35 stack frames]]>
    </failure>
  </testcase> <!-- ProductTest -->
  <testcase name="labelsVerification" time="0.698" classname="pomdesign.WebOrderTest"/>
  <testcase name="invalidLogin" time="0.307" classname="pomdesign.WebOrderLoginTest"/>
  <testcase name="login" time="0.598" classname="pomdesign.WebOrderLoginTest"/>
  <testcase name="loginUsingPOM" time="0.575" classname="pomdesign.WebOrderLoginTest"/>
</testsuite> <!-- Test -->
