<?xml version="1.0" encoding="UTF-8"?>
<testng-results skipped="0" failed="0" ignored="0" total="1" passed="1">
  <reporter-output>
  </reporter-output>
  <suite name="Default suite" duration-ms="5169" started-at="2018-12-17T02:50:50Z" finished-at="2018-12-17T02:50:55Z">
    <groups>
    </groups>
    <test name="Default test" duration-ms="5169" started-at="2018-12-17T02:50:50Z" finished-at="2018-12-17T02:50:55Z">
      <class name="Assigment8getTextAttribute2">
        <test-method status="PASS" signature="navigate1()[pri:0, instance:Assigment8getTextAttribute2@675d3402]" name="navigate1" is-config="true" duration-ms="1669" started-at="2018-12-17T02:50:50Z" finished-at="2018-12-17T02:50:52Z">
          <reporter-output>
          </reporter-output>
        </test-method> <!-- navigate1 -->
        <test-method status="PASS" signature="navigate()[pri:0, instance:Assigment8getTextAttribute2@675d3402]" name="navigate" duration-ms="3482" started-at="2018-12-17T02:50:52Z" finished-at="2018-12-17T02:50:55Z">
          <reporter-output>
          </reporter-output>
        </test-method> <!-- navigate -->
      </class> <!-- Assigment8getTextAttribute2 -->
    </test> <!-- Default test -->
  </suite> <!-- Default suite -->
</testng-results>
