<?xml version="1.0" encoding="UTF-8"?>
<!-- Generated by org.testng.reporters.JUnitXMLReporter -->
<testsuite hostname="Edils-MacBook-Pro.local" ignored="0" name="Test" tests="1" failures="1" timestamp="09 Jan 2019 02:39:56 GMT" time="39.04" errors="0">
  <testcase name="printExcel" time="34.828" classname="com.zoho.zohoTest">
    <failure type="java.lang.IndexOutOfBoundsException" message="Index: 100, Size: 100">
      <![CDATA[java.lang.IndexOutOfBoundsException: Index: 100, Size: 100
at java.util.ArrayList.rangeCheck(ArrayList.java:657)
at java.util.ArrayList.get(ArrayList.java:433)
at com.zoho.zohoTest.printExcel(zohoTest.java:79)
... Removed 28 stack frames]]>
    </failure>
  </testcase> <!-- printExcel -->
</testsuite> <!-- Test -->
