<?xml version="1.0" encoding="UTF-8"?>
<testng-results ignored="0" total="2" passed="2" failed="0" skipped="0">
  <reporter-output>
  </reporter-output>
  <suite started-at="2018-12-06T17:32:06Z" name="Command line suite" finished-at="2018-12-06T17:32:22Z" duration-ms="15671">
    <groups>
    </groups>
    <test started-at="2018-12-06T17:32:06Z" name="Command line test" finished-at="2018-12-06T17:32:22Z" duration-ms="15671">
      <class name="cybertek.YahooTest">
        <test-method signature="navigatetoamazon()[pri:0, instance:cybertek.YahooTest@20d28811]" started-at="2018-12-06T17:32:07Z" name="navigatetoamazon" finished-at="2018-12-06T17:32:17Z" duration-ms="10951" status="PASS">
          <reporter-output>
          </reporter-output>
        </test-method> <!-- navigatetoamazon -->
      </class> <!-- cybertek.YahooTest -->
      <class name="cybertek.AmazonTest">
        <test-method signature="navigatetoamazon()[pri:0, instance:cybertek.AmazonTest@3967e60c]" started-at="2018-12-06T17:32:17Z" name="navigatetoamazon" finished-at="2018-12-06T17:32:22Z" duration-ms="4701" status="PASS">
          <reporter-output>
          </reporter-output>
        </test-method> <!-- navigatetoamazon -->
      </class> <!-- cybertek.AmazonTest -->
    </test> <!-- Command line test -->
  </suite> <!-- Command line suite -->
</testng-results>
