<?xml version="1.0" encoding="UTF-8"?>
<testng-results skipped="0" failed="0" ignored="0" total="1" passed="1">
  <reporter-output>
  </reporter-output>
  <suite name="Default suite" duration-ms="65026" started-at="2018-12-11T19:58:14Z" finished-at="2018-12-11T19:59:19Z">
    <groups>
    </groups>
    <test name="Default test" duration-ms="65026" started-at="2018-12-11T19:58:14Z" finished-at="2018-12-11T19:59:19Z">
      <class name="com.cybertek.sauseTest">
        <test-method status="PASS" signature="login()[pri:0, instance:com.cybertek.sauseTest@20e2cbe0]" name="login" duration-ms="65002" started-at="2018-12-11T19:58:14Z" finished-at="2018-12-11T19:59:19Z">
          <reporter-output>
          </reporter-output>
        </test-method> <!-- login -->
      </class> <!-- com.cybertek.sauseTest -->
    </test> <!-- Default test -->
  </suite> <!-- Default suite -->
</testng-results>
