<?xml version="1.0" encoding="UTF-8"?>
<testng-results skipped="0" failed="0" ignored="0" total="1" passed="1">
  <reporter-output>
  </reporter-output>
  <suite name="Suite" duration-ms="10580" started-at="2018-12-11T20:04:43Z" finished-at="2018-12-11T20:04:53Z">
    <groups>
    </groups>
    <test name="Test" duration-ms="10580" started-at="2018-12-11T20:04:43Z" finished-at="2018-12-11T20:04:53Z">
      <class name="com.cybertek.sauseTest">
        <test-method status="PASS" signature="login()[pri:0, instance:com.cybertek.sauseTest@566776ad]" name="login" duration-ms="10557" started-at="2018-12-11T20:04:43Z" finished-at="2018-12-11T20:04:53Z">
          <reporter-output>
          </reporter-output>
        </test-method> <!-- login -->
      </class> <!-- com.cybertek.sauseTest -->
    </test> <!-- Test -->
  </suite> <!-- Suite -->
</testng-results>
