<?xml version="1.0" encoding="UTF-8"?>
<testng-results skipped="0" failed="0" ignored="0" total="1" passed="1">
  <reporter-output>
  </reporter-output>
  <suite name="Suite" duration-ms="6159" started-at="2018-12-18T16:54:00Z" finished-at="2018-12-18T16:54:06Z">
    <groups>
    </groups>
    <test name="Test" duration-ms="6159" started-at="2018-12-18T16:54:00Z" finished-at="2018-12-18T16:54:06Z">
      <class name="PomDesign.CalculatorTest">
        <test-method status="PASS" signature="setUp()[pri:0, instance:PomDesign.CalculatorTest@1a407d53]" name="setUp" is-config="true" duration-ms="3643" started-at="2018-12-18T16:54:00Z" finished-at="2018-12-18T16:54:03Z">
          <reporter-output>
          </reporter-output>
        </test-method> <!-- setUp -->
        <test-method status="PASS" signature="login()[pri:0, instance:PomDesign.CalculatorTest@1a407d53]" name="login" duration-ms="2353" started-at="2018-12-18T16:54:03Z" finished-at="2018-12-18T16:54:06Z">
          <reporter-output>
          </reporter-output>
        </test-method> <!-- login -->
        <test-method status="PASS" signature="closeUp()[pri:0, instance:PomDesign.CalculatorTest@1a407d53]" name="closeUp" is-config="true" duration-ms="152" started-at="2018-12-18T16:54:06Z" finished-at="2018-12-18T16:54:06Z">
          <reporter-output>
          </reporter-output>
        </test-method> <!-- closeUp -->
      </class> <!-- PomDesign.CalculatorTest -->
    </test> <!-- Test -->
  </suite> <!-- Suite -->
</testng-results>
