<?xml version="1.0" encoding="UTF-8"?>
<testng-results skipped="0" failed="0" ignored="0" total="3" passed="3">
  <reporter-output>
  </reporter-output>
  <suite name="Suite" duration-ms="3805" started-at="2018-12-17T23:51:55Z" finished-at="2018-12-17T23:51:59Z">
    <groups>
    </groups>
    <test name="Test" duration-ms="3805" started-at="2018-12-17T23:51:55Z" finished-at="2018-12-17T23:51:59Z">
      <class name="POM.DESIGN.LoginTest">
        <test-method status="PASS" signature="setUp()[pri:0, instance:POM.DESIGN.LoginTest@1a407d53]" name="setUp" is-config="true" duration-ms="2739" started-at="2018-12-17T23:51:55Z" finished-at="2018-12-17T23:51:58Z">
          <reporter-output>
          </reporter-output>
        </test-method> <!-- setUp -->
        <test-method status="PASS" signature="SecondPage()[pri:0, instance:POM.DESIGN.LoginTest@1a407d53]" name="SecondPage" duration-ms="593" started-at="2018-12-17T23:51:58Z" finished-at="2018-12-17T23:51:58Z">
          <reporter-output>
          </reporter-output>
        </test-method> <!-- SecondPage -->
        <test-method status="PASS" signature="getAttribute()[pri:0, instance:POM.DESIGN.LoginTest@1a407d53]" name="getAttribute" duration-ms="142" started-at="2018-12-17T23:51:58Z" finished-at="2018-12-17T23:51:58Z">
          <reporter-output>
          </reporter-output>
        </test-method> <!-- getAttribute -->
        <test-method status="PASS" signature="login()[pri:0, instance:POM.DESIGN.LoginTest@1a407d53]" name="login" duration-ms="241" started-at="2018-12-17T23:51:58Z" finished-at="2018-12-17T23:51:59Z">
          <reporter-output>
          </reporter-output>
        </test-method> <!-- login -->
        <test-method status="PASS" signature="closeUp()[pri:0, instance:POM.DESIGN.LoginTest@1a407d53]" name="closeUp" is-config="true" duration-ms="78" started-at="2018-12-17T23:51:59Z" finished-at="2018-12-17T23:51:59Z">
          <reporter-output>
          </reporter-output>
        </test-method> <!-- closeUp -->
      </class> <!-- POM.DESIGN.LoginTest -->
    </test> <!-- Test -->
  </suite> <!-- Suite -->
</testng-results>
