-------------------------------------------------------------------------------
Test set: TestSuite
-------------------------------------------------------------------------------
Tests run: 5, Failures: 1, Errors: 0, Skipped: 0, Time elapsed: 25.959 sec <<< FAILURE! - in TestSuite
ProductTest(pomdesign.WebOrderTest)  Time elapsed: 10.818 sec  <<< FAILURE!
java.lang.AssertionError: lists don't have the same size expected [3] but found [0]
	at pomdesign.WebOrderTest.ProductTest(WebOrderTest.java:91)

